This is pdfTeX, Version 3.141592653-2.6-1.40.25 (TeX Live 2023) (preloaded format=pdflatex 2023.11.10)  7 DEC 2023 17:24
entering extended mode
 restricted \write18 enabled.
 file:line:error style messages enabled.
 %&-line parsing enabled.
**c:/Users/Joelle/Documents/raysas/network/project/temp.tex
(c:/Users/Joelle/Documents/raysas/network/project/temp.tex
LaTeX2e <2023-11-01>
L3 programming layer <2023-11-01>
)
! Emergency stop.
<*> ...e/Documents/raysas/network/project/temp.tex
                                                  
*** (job aborted, no legal \end found)

 
Here is how much of TeX's memory you used:
 17 strings out of 476231
 516 string characters out of 5794643
 1923533 words of memory out of 5000000
 22068 multiletter control sequences out of 15000+600000
 558069 words of font info for 36 fonts, out of 8000000 for 9000
 14 hyphenation exceptions out of 8191
 12i,0n,13p,89b,8s stack positions out of 10000i,1000n,20000p,200000b,200000s
!  ==> Fatal error occurred, no output PDF file produced!
